mode: set
rocksdb-cli/internal/repl/repl.go:11.31,16.19 4 0
rocksdb-cli/internal/repl/repl.go:16.19,17.28 1 0
rocksdb-cli/internal/repl/repl.go:17.28,20.18 2 0
rocksdb-cli/internal/repl/repl.go:24.49,26.4 1 0
rocksdb-cli/internal/repl/repl.go:28.2,28.15 1 0
rocksdb-cli/internal/repl/repl.go:28.15,29.46 1 0
rocksdb-cli/internal/repl/repl.go:29.46,30.12 1 0
rocksdb-cli/internal/repl/repl.go:33.2,33.9 1 0
rocksdb-cli/internal/repl/repl.go:36.52,52.2 2 0
rocksdb-cli/cmd/main.go:14.13,23.19 8 0
rocksdb-cli/cmd/main.go:23.19,26.3 2 0
rocksdb-cli/cmd/main.go:28.2,29.16 2 0
rocksdb-cli/cmd/main.go:29.16,32.3 2 0
rocksdb-cli/cmd/main.go:33.2,36.42 2 0
rocksdb-cli/cmd/main.go:36.42,38.17 2 0
rocksdb-cli/cmd/main.go:38.17,41.4 2 0
rocksdb-cli/cmd/main.go:42.3,43.9 2 0
rocksdb-cli/cmd/main.go:47.2,47.19 1 0
rocksdb-cli/cmd/main.go:47.19,49.17 2 0
rocksdb-cli/cmd/main.go:49.17,52.4 2 0
rocksdb-cli/cmd/main.go:53.3,54.9 2 0
rocksdb-cli/cmd/main.go:58.2,58.20 1 0
rocksdb-cli/cmd/main.go:58.20,70.17 7 0
rocksdb-cli/cmd/main.go:70.17,71.47 1 0
rocksdb-cli/cmd/main.go:71.47,74.5 2 0
rocksdb-cli/cmd/main.go:76.4,77.18 2 0
rocksdb-cli/cmd/main.go:78.9,82.4 3 0
rocksdb-cli/cmd/main.go:84.3,87.7 3 0
rocksdb-cli/cmd/main.go:87.7,88.11 1 0
rocksdb-cli/cmd/main.go:89.13,91.11 2 0
rocksdb-cli/cmd/main.go:92.20,94.19 2 0
rocksdb-cli/cmd/main.go:94.19,95.49 1 0
rocksdb-cli/cmd/main.go:95.49,97.15 1 0
rocksdb-cli/cmd/main.go:99.6,100.14 2 0
rocksdb-cli/cmd/main.go:104.5,104.45 1 0
rocksdb-cli/cmd/main.go:104.45,108.6 3 0
rocksdb-cli/cmd/main.go:114.2,114.42 1 0
rocksdb-cli/cmd/main.go:114.42,118.3 3 0
rocksdb-cli/cmd/main.go:121.2,121.17 1 0
rocksdb-cli/scripts/gen_testdb.go:10.13,11.22 1 0
rocksdb-cli/scripts/gen_testdb.go:11.22,14.3 2 0
rocksdb-cli/scripts/gen_testdb.go:15.2,25.24 7 0
rocksdb-cli/scripts/gen_testdb.go:25.24,27.3 1 0
rocksdb-cli/scripts/gen_testdb.go:30.2,31.16 2 0
rocksdb-cli/scripts/gen_testdb.go:31.16,32.13 1 0
rocksdb-cli/scripts/gen_testdb.go:34.2,35.15 2 0
rocksdb-cli/scripts/gen_testdb.go:35.15,36.36 1 0
rocksdb-cli/scripts/gen_testdb.go:36.36,38.4 1 0
rocksdb-cli/scripts/gen_testdb.go:42.2,97.36 4 0
rocksdb-cli/scripts/gen_testdb.go:97.36,100.32 2 0
rocksdb-cli/scripts/gen_testdb.go:100.32,101.22 1 0
rocksdb-cli/scripts/gen_testdb.go:101.22,103.10 2 0
rocksdb-cli/scripts/gen_testdb.go:106.3,106.20 1 0
rocksdb-cli/scripts/gen_testdb.go:106.20,108.12 2 0
rocksdb-cli/scripts/gen_testdb.go:111.3,112.25 2 0
rocksdb-cli/scripts/gen_testdb.go:112.25,114.18 2 0
rocksdb-cli/scripts/gen_testdb.go:114.18,116.5 1 0
rocksdb-cli/scripts/gen_testdb.go:116.10,119.31 2 0
rocksdb-cli/scripts/gen_testdb.go:119.31,121.6 1 0
rocksdb-cli/scripts/gen_testdb.go:122.5,122.46 1 0
rocksdb-cli/scripts/gen_testdb.go:125.3,125.16 1 0
rocksdb-cli/scripts/gen_testdb.go:128.2,136.43 9 0
rocksdb-cli/internal/command/command.go:20.41,22.63 2 1
rocksdb-cli/internal/command/command.go:22.63,24.3 1 1
rocksdb-cli/internal/command/command.go:25.2,26.16 2 1
rocksdb-cli/internal/command/command.go:26.16,28.3 1 0
rocksdb-cli/internal/command/command.go:29.2,29.27 1 1
rocksdb-cli/internal/command/command.go:32.62,36.33 3 1
rocksdb-cli/internal/command/command.go:36.33,38.35 2 1
rocksdb-cli/internal/command/command.go:38.35,40.23 2 1
rocksdb-cli/internal/command/command.go:40.23,42.5 1 1
rocksdb-cli/internal/command/command.go:42.10,44.5 1 1
rocksdb-cli/internal/command/command.go:45.9,47.4 1 1
rocksdb-cli/internal/command/command.go:50.2,50.24 1 1
rocksdb-cli/internal/command/command.go:53.46,55.17 2 1
rocksdb-cli/internal/command/command.go:55.17,57.3 1 0
rocksdb-cli/internal/command/command.go:58.2,60.13 3 1
rocksdb-cli/internal/command/command.go:61.15,62.22 1 1
rocksdb-cli/internal/command/command.go:62.22,65.4 2 0
rocksdb-cli/internal/command/command.go:66.3,66.21 1 1
rocksdb-cli/internal/command/command.go:66.21,67.41 1 1
rocksdb-cli/internal/command/command.go:67.41,70.5 2 1
rocksdb-cli/internal/command/command.go:72.3,72.14 1 1
rocksdb-cli/internal/command/command.go:73.14,79.20 4 1
rocksdb-cli/internal/command/command.go:80.10,81.53 1 0
rocksdb-cli/internal/command/command.go:81.53,84.5 2 0
rocksdb-cli/internal/command/command.go:84.10,87.5 2 0
rocksdb-cli/internal/command/command.go:88.10,89.53 1 1
rocksdb-cli/internal/command/command.go:89.53,93.5 3 1
rocksdb-cli/internal/command/command.go:93.10,96.5 2 0
rocksdb-cli/internal/command/command.go:97.10,100.25 3 1
rocksdb-cli/internal/command/command.go:101.11,103.15 2 0
rocksdb-cli/internal/command/command.go:107.3,111.38 2 1
rocksdb-cli/internal/command/command.go:111.38,112.58 1 1
rocksdb-cli/internal/command/command.go:112.58,114.5 1 1
rocksdb-cli/internal/command/command.go:114.10,117.5 2 0
rocksdb-cli/internal/command/command.go:120.3,120.36 1 1
rocksdb-cli/internal/command/command.go:120.36,122.4 1 1
rocksdb-cli/internal/command/command.go:124.3,124.52 1 1
rocksdb-cli/internal/command/command.go:124.52,126.4 1 1
rocksdb-cli/internal/command/command.go:128.3,129.17 2 1
rocksdb-cli/internal/command/command.go:129.17,131.4 1 0
rocksdb-cli/internal/command/command.go:131.9,132.29 1 1
rocksdb-cli/internal/command/command.go:132.29,133.20 1 1
rocksdb-cli/internal/command/command.go:133.20,135.6 1 1
rocksdb-cli/internal/command/command.go:135.11,137.6 1 1
rocksdb-cli/internal/command/command.go:140.13,142.21 2 1
rocksdb-cli/internal/command/command.go:143.10,144.53 1 1
rocksdb-cli/internal/command/command.go:144.53,147.5 2 1
rocksdb-cli/internal/command/command.go:147.10,150.5 2 0
rocksdb-cli/internal/command/command.go:151.10,152.30 1 1
rocksdb-cli/internal/command/command.go:152.30,153.54 1 1
rocksdb-cli/internal/command/command.go:153.54,157.6 3 1
rocksdb-cli/internal/command/command.go:157.11,160.6 2 0
rocksdb-cli/internal/command/command.go:161.10,164.5 2 1
rocksdb-cli/internal/command/command.go:165.10,166.30 1 1
rocksdb-cli/internal/command/command.go:166.30,169.5 2 0
rocksdb-cli/internal/command/command.go:170.4,172.17 3 1
rocksdb-cli/internal/command/command.go:173.11,175.15 2 0
rocksdb-cli/internal/command/command.go:177.3,178.17 2 1
rocksdb-cli/internal/command/command.go:178.17,180.4 1 0
rocksdb-cli/internal/command/command.go:180.9,181.14 1 1
rocksdb-cli/internal/command/command.go:181.14,183.5 1 1
rocksdb-cli/internal/command/command.go:183.10,185.5 1 1
rocksdb-cli/internal/command/command.go:187.13,189.22 2 1
rocksdb-cli/internal/command/command.go:189.22,190.53 1 1
rocksdb-cli/internal/command/command.go:190.53,194.5 3 1
rocksdb-cli/internal/command/command.go:194.10,197.5 2 0
rocksdb-cli/internal/command/command.go:198.9,198.29 1 1
rocksdb-cli/internal/command/command.go:198.29,202.4 3 1
rocksdb-cli/internal/command/command.go:202.9,205.4 2 0
rocksdb-cli/internal/command/command.go:206.3,207.17 2 1
rocksdb-cli/internal/command/command.go:207.17,209.4 1 0
rocksdb-cli/internal/command/command.go:209.9,211.4 1 1
rocksdb-cli/internal/command/command.go:212.16,214.40 2 1
rocksdb-cli/internal/command/command.go:214.40,215.41 1 1
rocksdb-cli/internal/command/command.go:215.41,218.5 2 1
rocksdb-cli/internal/command/command.go:219.9,219.29 1 0
rocksdb-cli/internal/command/command.go:219.29,222.4 2 0
rocksdb-cli/internal/command/command.go:222.9,225.4 2 0
rocksdb-cli/internal/command/command.go:226.3,227.17 2 1
rocksdb-cli/internal/command/command.go:227.17,229.4 1 0
rocksdb-cli/internal/command/command.go:229.9,230.29 1 1
rocksdb-cli/internal/command/command.go:230.29,232.5 1 1
rocksdb-cli/internal/command/command.go:234.16,236.17 2 1
rocksdb-cli/internal/command/command.go:236.17,238.4 1 0
rocksdb-cli/internal/command/command.go:238.9,240.27 2 1
rocksdb-cli/internal/command/command.go:240.27,242.5 1 1
rocksdb-cli/internal/command/command.go:244.18,245.22 1 1
rocksdb-cli/internal/command/command.go:245.22,248.4 2 0
rocksdb-cli/internal/command/command.go:249.3,250.17 2 1
rocksdb-cli/internal/command/command.go:250.17,252.4 1 0
rocksdb-cli/internal/command/command.go:252.9,254.4 1 1
rocksdb-cli/internal/command/command.go:255.16,256.22 1 1
rocksdb-cli/internal/command/command.go:256.22,259.4 2 0
rocksdb-cli/internal/command/command.go:260.3,261.17 2 1
rocksdb-cli/internal/command/command.go:261.17,263.4 1 1
rocksdb-cli/internal/command/command.go:263.9,265.4 1 1
rocksdb-cli/internal/command/command.go:266.16,268.40 2 1
rocksdb-cli/internal/command/command.go:268.40,270.53 1 1
rocksdb-cli/internal/command/command.go:270.53,273.5 2 1
rocksdb-cli/internal/command/command.go:273.10,276.5 2 0
rocksdb-cli/internal/command/command.go:277.9,277.29 1 1
rocksdb-cli/internal/command/command.go:277.29,281.4 2 1
rocksdb-cli/internal/command/command.go:281.9,285.4 3 0
rocksdb-cli/internal/command/command.go:287.3,288.17 2 1
rocksdb-cli/internal/command/command.go:288.17,290.4 1 1
rocksdb-cli/internal/command/command.go:290.9,292.4 1 1
rocksdb-cli/internal/command/command.go:293.14,295.40 2 1
rocksdb-cli/internal/command/command.go:295.40,297.53 1 1
rocksdb-cli/internal/command/command.go:297.53,299.5 1 1
rocksdb-cli/internal/command/command.go:299.10,302.5 2 0
rocksdb-cli/internal/command/command.go:303.9,303.29 1 1
rocksdb-cli/internal/command/command.go:303.29,306.4 1 1
rocksdb-cli/internal/command/command.go:306.9,310.4 3 0
rocksdb-cli/internal/command/command.go:312.3,313.17 2 1
rocksdb-cli/internal/command/command.go:313.17,315.4 1 1
rocksdb-cli/internal/command/command.go:315.9,317.4 1 1
rocksdb-cli/internal/command/command.go:318.22,319.15 1 0
rocksdb-cli/internal/command/command.go:320.10,321.33 1 0
rocksdb-cli/internal/command/command.go:323.2,323.13 1 1
rocksdb-cli/internal/db/db.go:37.37,39.37 2 1
rocksdb-cli/internal/db/db.go:39.37,41.3 1 1
rocksdb-cli/internal/db/db.go:42.2,46.25 5 1
rocksdb-cli/internal/db/db.go:46.25,48.3 1 1
rocksdb-cli/internal/db/db.go:49.2,50.16 2 1
rocksdb-cli/internal/db/db.go:50.16,52.3 1 0
rocksdb-cli/internal/db/db.go:53.2,54.31 2 1
rocksdb-cli/internal/db/db.go:54.31,56.3 1 1
rocksdb-cli/internal/db/db.go:57.2,62.8 1 1
rocksdb-cli/internal/db/db.go:65.22,66.32 1 1
rocksdb-cli/internal/db/db.go:66.32,68.3 1 1
rocksdb-cli/internal/db/db.go:69.2,71.16 3 1
rocksdb-cli/internal/db/db.go:74.52,76.9 2 1
rocksdb-cli/internal/db/db.go:76.9,78.3 1 1
rocksdb-cli/internal/db/db.go:79.2,80.16 2 1
rocksdb-cli/internal/db/db.go:80.16,82.3 1 0
rocksdb-cli/internal/db/db.go:83.2,84.19 2 1
rocksdb-cli/internal/db/db.go:84.19,86.3 1 0
rocksdb-cli/internal/db/db.go:87.2,87.32 1 1
rocksdb-cli/internal/db/db.go:90.49,92.9 2 1
rocksdb-cli/internal/db/db.go:92.9,94.3 1 1
rocksdb-cli/internal/db/db.go:95.2,95.56 1 1
rocksdb-cli/internal/db/db.go:98.84,100.9 2 1
rocksdb-cli/internal/db/db.go:100.9,102.3 1 0
rocksdb-cli/internal/db/db.go:103.2,106.53 4 1
rocksdb-cli/internal/db/db.go:106.53,109.43 3 1
rocksdb-cli/internal/db/db.go:109.43,112.9 3 1
rocksdb-cli/internal/db/db.go:114.3,117.40 4 1
rocksdb-cli/internal/db/db.go:117.40,118.9 1 0
rocksdb-cli/internal/db/db.go:121.2,121.20 1 1
rocksdb-cli/internal/db/db.go:124.96,126.9 2 1
rocksdb-cli/internal/db/db.go:126.9,128.3 1 1
rocksdb-cli/internal/db/db.go:130.2,138.18 6 1
rocksdb-cli/internal/db/db.go:138.18,140.19 1 1
rocksdb-cli/internal/db/db.go:140.19,142.4 1 1
rocksdb-cli/internal/db/db.go:142.9,144.4 1 0
rocksdb-cli/internal/db/db.go:145.8,147.21 1 1
rocksdb-cli/internal/db/db.go:147.21,149.4 1 1
rocksdb-cli/internal/db/db.go:149.9,151.4 1 0
rocksdb-cli/internal/db/db.go:155.2,155.17 1 1
rocksdb-cli/internal/db/db.go:155.17,160.19 3 1
rocksdb-cli/internal/db/db.go:160.19,162.41 1 1
rocksdb-cli/internal/db/db.go:162.41,164.10 2 1
rocksdb-cli/internal/db/db.go:167.4,167.38 1 1
rocksdb-cli/internal/db/db.go:167.38,170.13 3 1
rocksdb-cli/internal/db/db.go:172.9,174.38 1 1
rocksdb-cli/internal/db/db.go:174.38,176.10 2 0
rocksdb-cli/internal/db/db.go:179.4,179.41 1 1
rocksdb-cli/internal/db/db.go:179.41,182.13 3 0
rocksdb-cli/internal/db/db.go:187.3,187.18 1 1
rocksdb-cli/internal/db/db.go:187.18,191.4 3 1
rocksdb-cli/internal/db/db.go:191.9,193.4 1 1
rocksdb-cli/internal/db/db.go:194.3,197.50 2 1
rocksdb-cli/internal/db/db.go:197.50,198.9 1 1
rocksdb-cli/internal/db/db.go:202.3,202.19 1 1
rocksdb-cli/internal/db/db.go:202.19,204.4 1 1
rocksdb-cli/internal/db/db.go:204.9,206.4 1 1
rocksdb-cli/internal/db/db.go:209.2,209.20 1 1
rocksdb-cli/internal/db/db.go:212.42,214.2 1 1
rocksdb-cli/internal/db/db.go:216.40,218.16 2 1
rocksdb-cli/internal/db/db.go:218.16,220.3 1 0
rocksdb-cli/internal/db/db.go:221.2,222.12 2 1
rocksdb-cli/internal/db/db.go:225.38,227.9 2 1
rocksdb-cli/internal/db/db.go:227.9,229.3 1 0
rocksdb-cli/internal/db/db.go:230.2,231.16 2 1
rocksdb-cli/internal/db/db.go:231.16,233.3 1 1
rocksdb-cli/internal/db/db.go:234.2,236.12 3 1
rocksdb-cli/internal/db/db.go:239.59,241.9 2 0
rocksdb-cli/internal/db/db.go:241.9,243.3 1 0
rocksdb-cli/internal/db/db.go:245.2,250.17 4 0
rocksdb-cli/internal/db/db.go:250.17,252.3 1 0
rocksdb-cli/internal/db/db.go:254.2,259.48 5 0
rocksdb-cli/internal/db/db.go:262.53,264.9 2 0
rocksdb-cli/internal/db/db.go:264.9,266.3 1 0
rocksdb-cli/internal/db/db.go:268.2,269.16 2 0
rocksdb-cli/internal/db/db.go:269.16,271.3 1 0
rocksdb-cli/internal/db/db.go:272.2,279.16 5 0
rocksdb-cli/internal/db/db.go:279.16,281.3 1 0
rocksdb-cli/internal/db/db.go:283.2,286.46 3 0
rocksdb-cli/internal/db/db.go:286.46,291.17 4 0
rocksdb-cli/internal/db/db.go:291.17,295.4 3 0
rocksdb-cli/internal/db/db.go:297.3,298.11 2 0
rocksdb-cli/internal/db/db.go:301.2,301.12 1 0
rocksdb-cli/internal/db/db.go:304.39,305.26 1 1
rocksdb-cli/internal/db/db.go:305.26,307.3 1 0
rocksdb-cli/internal/db/db.go:308.2,308.24 1 1
rocksdb-cli/internal/db/db.go:308.24,309.24 1 1
rocksdb-cli/internal/db/db.go:309.24,311.4 1 1
rocksdb-cli/internal/db/db.go:313.2,313.13 1 1
